C:\USERS\UTKARSH\DOWNLOADS\DOCUMENTS\CS184\AS3\DEBUG\MAIN.OBJ
C:\USERS\UTKARSH\DOWNLOADS\DOCUMENTS\CS184\AS3\DEBUG\VC110.PDB
C:\USERS\UTKARSH\DOWNLOADS\DOCUMENTS\CS184\AS3\DEBUG\AS3.ILK
C:\USERS\UTKARSH\DOWNLOADS\DOCUMENTS\CS184\AS3\DEBUG\AS3.EXE
C:\USERS\UTKARSH\DOWNLOADS\DOCUMENTS\CS184\AS3\DEBUG\AS3.PDB
C:\Users\Utkarsh\Downloads\Documents\CS184\as3\Debug\main.obj
C:\Users\Utkarsh\Downloads\Documents\CS184\as3\Debug\as3.ilk
C:\Users\Utkarsh\Downloads\Documents\CS184\as3\Debug\cl.command.1.tlog
C:\Users\Utkarsh\Downloads\Documents\CS184\as3\Debug\CL.read.1.tlog
C:\Users\Utkarsh\Downloads\Documents\CS184\as3\Debug\CL.write.1.tlog
C:\Users\Utkarsh\Downloads\Documents\CS184\as3\Debug\link-cvtres.read.1.tlog
C:\Users\Utkarsh\Downloads\Documents\CS184\as3\Debug\link-cvtres.write.1.tlog
C:\Users\Utkarsh\Downloads\Documents\CS184\as3\Debug\link-rc.read.1.tlog
C:\Users\Utkarsh\Downloads\Documents\CS184\as3\Debug\link-rc.write.1.tlog
C:\Users\Utkarsh\Downloads\Documents\CS184\as3\Debug\link.3012-cvtres.read.1.tlog
C:\Users\Utkarsh\Downloads\Documents\CS184\as3\Debug\link.3012-cvtres.write.1.tlog
C:\Users\Utkarsh\Downloads\Documents\CS184\as3\Debug\link.3012-rc.read.1.tlog
C:\Users\Utkarsh\Downloads\Documents\CS184\as3\Debug\link.3012-rc.write.1.tlog
C:\Users\Utkarsh\Downloads\Documents\CS184\as3\Debug\link.3012.read.1.tlog
C:\Users\Utkarsh\Downloads\Documents\CS184\as3\Debug\link.3012.write.1.tlog
C:\Users\Utkarsh\Downloads\Documents\CS184\as3\Debug\link.4600-cvtres.read.1.tlog
C:\Users\Utkarsh\Downloads\Documents\CS184\as3\Debug\link.4600-cvtres.write.1.tlog
C:\Users\Utkarsh\Downloads\Documents\CS184\as3\Debug\link.4600-rc.read.1.tlog
C:\Users\Utkarsh\Downloads\Documents\CS184\as3\Debug\link.4600-rc.write.1.tlog
C:\Users\Utkarsh\Downloads\Documents\CS184\as3\Debug\link.4600.read.1.tlog
C:\Users\Utkarsh\Downloads\Documents\CS184\as3\Debug\link.4600.write.1.tlog
C:\Users\Utkarsh\Downloads\Documents\CS184\as3\Debug\link.5420-cvtres.read.1.tlog
C:\Users\Utkarsh\Downloads\Documents\CS184\as3\Debug\link.5420-cvtres.write.1.tlog
C:\Users\Utkarsh\Downloads\Documents\CS184\as3\Debug\link.5420-rc.read.1.tlog
C:\Users\Utkarsh\Downloads\Documents\CS184\as3\Debug\link.5420-rc.write.1.tlog
C:\Users\Utkarsh\Downloads\Documents\CS184\as3\Debug\link.5420.read.1.tlog
C:\Users\Utkarsh\Downloads\Documents\CS184\as3\Debug\link.5420.write.1.tlog
C:\Users\Utkarsh\Downloads\Documents\CS184\as3\Debug\link.5748-cvtres.read.1.tlog
C:\Users\Utkarsh\Downloads\Documents\CS184\as3\Debug\link.5748-cvtres.write.1.tlog
C:\Users\Utkarsh\Downloads\Documents\CS184\as3\Debug\link.5748-rc.read.1.tlog
C:\Users\Utkarsh\Downloads\Documents\CS184\as3\Debug\link.5748-rc.write.1.tlog
C:\Users\Utkarsh\Downloads\Documents\CS184\as3\Debug\link.5748.read.1.tlog
C:\Users\Utkarsh\Downloads\Documents\CS184\as3\Debug\link.5748.write.1.tlog
C:\Users\Utkarsh\Downloads\Documents\CS184\as3\Debug\link.6140-cvtres.read.1.tlog
C:\Users\Utkarsh\Downloads\Documents\CS184\as3\Debug\link.6140-cvtres.write.1.tlog
C:\Users\Utkarsh\Downloads\Documents\CS184\as3\Debug\link.6140-rc.read.1.tlog
C:\Users\Utkarsh\Downloads\Documents\CS184\as3\Debug\link.6140-rc.write.1.tlog
C:\Users\Utkarsh\Downloads\Documents\CS184\as3\Debug\link.6140.read.1.tlog
C:\Users\Utkarsh\Downloads\Documents\CS184\as3\Debug\link.6140.write.1.tlog
C:\Users\Utkarsh\Downloads\Documents\CS184\as3\Debug\link.6840-cvtres.read.1.tlog
C:\Users\Utkarsh\Downloads\Documents\CS184\as3\Debug\link.6840-cvtres.write.1.tlog
C:\Users\Utkarsh\Downloads\Documents\CS184\as3\Debug\link.6840-rc.read.1.tlog
C:\Users\Utkarsh\Downloads\Documents\CS184\as3\Debug\link.6840-rc.write.1.tlog
C:\Users\Utkarsh\Downloads\Documents\CS184\as3\Debug\link.6840.read.1.tlog
C:\Users\Utkarsh\Downloads\Documents\CS184\as3\Debug\link.6840.write.1.tlog
C:\Users\Utkarsh\Downloads\Documents\CS184\as3\Debug\link.command.1.tlog
C:\Users\Utkarsh\Downloads\Documents\CS184\as3\Debug\link.read.1.tlog
C:\Users\Utkarsh\Downloads\Documents\CS184\as3\Debug\link.write.1.tlog
C:\Users\Utkarsh\Downloads\Documents\CS184\as3\Debug\vc110.idb
C:\Users\Utkarsh\Downloads\Documents\CS184\as3\Debug\as3.pdb
C:\Users\Utkarsh\Downloads\Documents\CS184\as3\Debug\vc110.pdb
C:\Users\Utkarsh\Downloads\Documents\CS184\as3\Debug\as3.exe
